{"/home/mohammad/class_addvance/basic-express-server/src/server.js": {"path":"/home/mohammad/class_addvance/basic-express-server/src/server.js","statementMap":{"0":{"start":{"line":2,"column":16},"end":{"line":2,"column":34}},"1":{"start":{"line":3,"column":12},"end":{"line":3,"column":21}},"2":{"start":{"line":4,"column":18},"end":{"line":4,"column":51}},"3":{"start":{"line":5,"column":24},"end":{"line":5,"column":55}},"4":{"start":{"line":6,"column":21},"end":{"line":6,"column":52}},"5":{"start":{"line":7,"column":15},"end":{"line":7,"column":45}},"6":{"start":{"line":9,"column":0},"end":{"line":9,"column":16}},"7":{"start":{"line":12,"column":0},"end":{"line":20,"column":3}},"8":{"start":{"line":14,"column":4},"end":{"line":17,"column":7}},"9":{"start":{"line":23,"column":0},"end":{"line":23,"column":30}},"10":{"start":{"line":24,"column":0},"end":{"line":24,"column":22}},"11":{"start":{"line":29,"column":4},"end":{"line":31,"column":7}},"12":{"start":{"line":30,"column":8},"end":{"line":30,"column":54}},"13":{"start":{"line":36,"column":0},"end":{"line":39,"column":1}}},"fnMap":{"0":{"name":"(anonymous_0)","decl":{"start":{"line":12,"column":32},"end":{"line":12,"column":33}},"loc":{"start":{"line":12,"column":46},"end":{"line":20,"column":1}},"line":12},"1":{"name":"start","decl":{"start":{"line":27,"column":9},"end":{"line":27,"column":14}},"loc":{"start":{"line":27,"column":21},"end":{"line":33,"column":1}},"line":27},"2":{"name":"(anonymous_2)","decl":{"start":{"line":29,"column":21},"end":{"line":29,"column":22}},"loc":{"start":{"line":29,"column":27},"end":{"line":31,"column":5}},"line":29}},"branchMap":{},"s":{"0":2,"1":2,"2":2,"3":2,"4":2,"5":2,"6":2,"7":2,"8":2,"9":2,"10":2,"11":0,"12":0,"13":2},"f":{"0":2,"1":0,"2":0},"b":{},"_coverageSchema":"1a1c01bbd47fc00a2c39e90264f33305004495a9","hash":"220f4ff15204873cb01dcf51a7cad14f7ef0c8ba"}
,"/home/mohammad/class_addvance/basic-express-server/src/error-handlers/404.js": {"path":"/home/mohammad/class_addvance/basic-express-server/src/error-handlers/404.js","statementMap":{"0":{"start":{"line":2,"column":0},"end":{"line":11,"column":1}},"1":{"start":{"line":3,"column":4},"end":{"line":9,"column":6}}},"fnMap":{"0":{"name":"(anonymous_0)","decl":{"start":{"line":2,"column":17},"end":{"line":2,"column":18}},"loc":{"start":{"line":2,"column":37},"end":{"line":11,"column":1}},"line":2}},"branchMap":{},"s":{"0":2,"1":2},"f":{"0":2},"b":{},"_coverageSchema":"1a1c01bbd47fc00a2c39e90264f33305004495a9","hash":"4fd86dd6876ae215a2c070f23fde84538b2ffb5f"}
,"/home/mohammad/class_addvance/basic-express-server/src/error-handlers/500.js": {"path":"/home/mohammad/class_addvance/basic-express-server/src/error-handlers/500.js","statementMap":{"0":{"start":{"line":2,"column":0},"end":{"line":12,"column":1}},"1":{"start":{"line":3,"column":4},"end":{"line":10,"column":6}}},"fnMap":{"0":{"name":"(anonymous_0)","decl":{"start":{"line":2,"column":17},"end":{"line":2,"column":18}},"loc":{"start":{"line":2,"column":44},"end":{"line":12,"column":1}},"line":2}},"branchMap":{},"s":{"0":2,"1":3},"f":{"0":3},"b":{},"_coverageSchema":"1a1c01bbd47fc00a2c39e90264f33305004495a9","hash":"82a89c3c2462b90b644158a59c2c7e515aac9f22"}
,"/home/mohammad/class_addvance/basic-express-server/src/middleware/logger.js": {"path":"/home/mohammad/class_addvance/basic-express-server/src/middleware/logger.js","statementMap":{"0":{"start":{"line":2,"column":15},"end":{"line":6,"column":1}},"1":{"start":{"line":4,"column":4},"end":{"line":4,"column":49}},"2":{"start":{"line":5,"column":4},"end":{"line":5,"column":11}},"3":{"start":{"line":7,"column":0},"end":{"line":7,"column":24}}},"fnMap":{"0":{"name":"(anonymous_0)","decl":{"start":{"line":2,"column":15},"end":{"line":2,"column":16}},"loc":{"start":{"line":2,"column":35},"end":{"line":6,"column":1}},"line":2}},"branchMap":{},"s":{"0":3,"1":8,"2":8,"3":3},"f":{"0":8},"b":{},"_coverageSchema":"1a1c01bbd47fc00a2c39e90264f33305004495a9","hash":"70f544bae694b333a95b9b537d8534bb0d7eaf93"}
,"/home/mohammad/class_addvance/basic-express-server/src/middleware/validator.js": {"path":"/home/mohammad/class_addvance/basic-express-server/src/middleware/validator.js","statementMap":{"0":{"start":{"line":4,"column":19},"end":{"line":4,"column":51}},"1":{"start":{"line":6,"column":4},"end":{"line":20,"column":5}},"2":{"start":{"line":7,"column":19},"end":{"line":7,"column":32}},"3":{"start":{"line":9,"column":8},"end":{"line":19,"column":9}},"4":{"start":{"line":10,"column":12},"end":{"line":10,"column":19}},"5":{"start":{"line":12,"column":13},"end":{"line":19,"column":9}},"6":{"start":{"line":14,"column":12},"end":{"line":14,"column":41}},"7":{"start":{"line":16,"column":13},"end":{"line":19,"column":9}},"8":{"start":{"line":18,"column":12},"end":{"line":18,"column":48}},"9":{"start":{"line":22,"column":0},"end":{"line":22,"column":27}}},"fnMap":{"0":{"name":"validator","decl":{"start":{"line":5,"column":9},"end":{"line":5,"column":18}},"loc":{"start":{"line":5,"column":21},"end":{"line":21,"column":1}},"line":5},"1":{"name":"(anonymous_1)","decl":{"start":{"line":6,"column":11},"end":{"line":6,"column":12}},"loc":{"start":{"line":6,"column":31},"end":{"line":20,"column":5}},"line":6}},"branchMap":{"0":{"loc":{"start":{"line":9,"column":8},"end":{"line":19,"column":9}},"type":"if","locations":[{"start":{"line":9,"column":8},"end":{"line":19,"column":9}},{"start":{"line":12,"column":13},"end":{"line":19,"column":9}}],"line":9},"1":{"loc":{"start":{"line":12,"column":13},"end":{"line":19,"column":9}},"type":"if","locations":[{"start":{"line":12,"column":13},"end":{"line":19,"column":9}},{"start":{"line":16,"column":13},"end":{"line":19,"column":9}}],"line":12},"2":{"loc":{"start":{"line":16,"column":13},"end":{"line":19,"column":9}},"type":"if","locations":[{"start":{"line":16,"column":13},"end":{"line":19,"column":9}},{"start":{},"end":{}}],"line":16}},"s":{"0":2,"1":2,"2":5,"3":5,"4":2,"5":3,"6":2,"7":1,"8":1,"9":2},"f":{"0":2,"1":5},"b":{"0":[2,3],"1":[2,1],"2":[1,0]},"_coverageSchema":"1a1c01bbd47fc00a2c39e90264f33305004495a9","hash":"c022e27628cb7dade8e04067628b0b45b83ef7aa"}
}
