TN:
SF:src/server.js
FN:12,(anonymous_0)
FN:27,start
FN:29,(anonymous_2)
FNF:3
FNH:1
FNDA:2,(anonymous_0)
FNDA:0,start
FNDA:0,(anonymous_2)
DA:2,2
DA:3,2
DA:4,2
DA:5,2
DA:6,2
DA:7,2
DA:9,2
DA:12,2
DA:14,2
DA:23,2
DA:24,2
DA:29,0
DA:30,0
DA:36,2
LF:14
LH:12
BRF:0
BRH:0
end_of_record
TN:
SF:src/error-handlers/404.js
FN:2,(anonymous_0)
FNF:1
FNH:1
FNDA:2,(anonymous_0)
DA:2,2
DA:3,2
LF:2
LH:2
BRF:0
BRH:0
end_of_record
TN:
SF:src/error-handlers/500.js
FN:2,(anonymous_0)
FNF:1
FNH:1
FNDA:3,(anonymous_0)
DA:2,2
DA:3,3
LF:2
LH:2
BRF:0
BRH:0
end_of_record
TN:
SF:src/middleware/logger.js
FN:2,(anonymous_0)
FNF:1
FNH:1
FNDA:8,(anonymous_0)
DA:2,3
DA:4,8
DA:5,8
DA:7,3
LF:4
LH:4
BRF:0
BRH:0
end_of_record
TN:
SF:src/middleware/validator.js
FN:5,validator
FN:6,(anonymous_1)
FNF:2
FNH:2
FNDA:2,validator
FNDA:5,(anonymous_1)
DA:4,2
DA:6,2
DA:7,5
DA:9,5
DA:10,2
DA:12,3
DA:14,2
DA:16,1
DA:18,1
DA:22,2
LF:10
LH:10
BRDA:9,0,0,2
BRDA:9,0,1,3
BRDA:12,1,0,2
BRDA:12,1,1,1
BRDA:16,2,0,1
BRDA:16,2,1,0
BRF:6
BRH:5
end_of_record
